   0.0000000000000000        4.2442455246163170E-002
   2.4999999999999967E-002   9.0359019802547541E-002
   4.9999999999999989E-002  0.13230159618610882     
   7.4999999999999956E-002  0.16814787681697158     
   9.9999999999999978E-002  0.19511547176635055     
  0.12500000000000000       0.21241498764344438     
  0.14999999999999997       0.21877925650190749     
  0.17499999999999999       0.21416822311185685     
  0.19999999999999996       0.19859968270044984     
  0.22499999999999998       0.17303501990474990     
  0.25000000000000000       0.13863003092196530     
  0.27500000000000002        9.7248260813735318E-002
  0.29999999999999999        5.0886622230673945E-002
  0.32499999999999996        1.9860334316004688E-003
  0.34999999999999998       -4.7053135003160287E-002
  0.37500000000000000       -9.3671143482669958E-002
  0.40000000000000002      -0.13557029616043731     
  0.42499999999999999      -0.17056305334367469     
  0.45000000000000001      -0.19693374650829484     
  0.47499999999999998      -0.21328800022614347     
  0.50000000000000000      -0.21885169655754216     
  0.52500000000000002      -0.21328800022614178     
  0.55000000000000004      -0.19693374650829137     
  0.57499999999999996      -0.17056305334366950     
  0.59999999999999998      -0.13557029616043056     
  0.62500000000000000       -9.3671143482662339E-002
  0.65000000000000002       -4.7053135003151669E-002
  0.67500000000000004        1.9860334316091494E-003
  0.69999999999999996        5.0886622230681661E-002
  0.72499999999999998        9.7248260813741647E-002
  0.75000000000000000       0.13863003092196996     
  0.77500000000000002       0.17303501990475365     
  0.80000000000000004       0.19859968270045450     
  0.82499999999999996       0.21416822311186257     
  0.85000000000000009       0.21877925650191457     
  0.87500000000000000       0.21241498764345210     
  0.90000000000000002       0.19511547176635813     
  0.92500000000000004       0.16814787681697796     
  0.94999999999999996       0.13230159618611440     
  0.97500000000000009        9.0359019802551621E-002
   1.0000000000000000        4.2442455246164988E-002
